<?xml version="1.0" encoding="UTF-8"?>
<!-- Generated by org.testng.reporters.JUnitReportReporter -->
<testsuite skipped="2" hostname="DESKTOP-5TDGN5L" name="contactlist.positiveTest" tests="3" failures="0" timestamp="21 Sep 2021 19:38:43 GMT" time="4.159" errors="0">
  <testcase name="addContact" time="4.159" classname="contactlist.positiveTest"/>
  <testcase name="getSpecificContact" classname="contactlist.positiveTest">
    <skipped/>
  </testcase> <!-- getSpecificContact -->
  <testcase name="gettingAllContact" classname="contactlist.positiveTest">
    <skipped/>
  </testcase> <!-- gettingAllContact -->
</testsuite> <!-- contactlist.positiveTest -->
