<?xml version="1.0" encoding="UTF-8"?>
<!-- Generated by org.testng.reporters.JUnitReportReporter -->
<testsuite skipped="0" hostname="DESKTOP-5TDGN5L" name="whetherApi.whether" tests="4" failures="0" timestamp="21 Sep 2021 23:14:07 GMT" time="3.982" errors="0">
  <testcase name="gettingwhtherinfo" time="3.360" classname="whetherApi.whether"/>
  <testcase name="gettingwhtherinfo2" time="0.326" classname="whetherApi.whether"/>
  <testcase name="gettingwhtherinfo3" time="0.177" classname="whetherApi.whether"/>
  <testcase name="gettingwhtherinfo4" time="0.119" classname="whetherApi.whether"/>
</testsuite> <!-- whetherApi.whether -->
