<?xml version="1.0" encoding="UTF-8"?>
<!-- Generated by org.testng.reporters.JUnitReportReporter -->
<testsuite skipped="1" hostname="DESKTOP-5TDGN5L" name="contactlist.positivity_sir" tests="5" failures="0" timestamp="21 Sep 2021 19:52:52 GMT" time="6.361" errors="0">
  <testcase name="deleteContact" time="0.591" classname="contactlist.positivity_sir"/>
  <testcase name="addContact" time="4.725" classname="contactlist.positivity_sir"/>
  <testcase name="updateContact" time="0.540" classname="contactlist.positivity_sir"/>
  <testcase name="getSpecificContact" time="0.505" classname="contactlist.positivity_sir"/>
  <testcase name="gettingAllContact" classname="contactlist.positivity_sir">
    <skipped/>
  </testcase> <!-- gettingAllContact -->
</testsuite> <!-- contactlist.positivity_sir -->
